<?xml version="1.0" encoding="UTF-8"?>
<!-- Generated by org.testng.reporters.JUnitXMLReporter -->
<testsuite hostname="ip-172-31-70-208" ignored="0" name="Test" tests="4" failures="0" timestamp="2021-01-23T12:48:14 UTC" time="0.045" errors="0">
  <testcase name="test" time="0.007" classname="com.simplelearn.Selenium.FirstSeleniumProject"/>
  <testcase name="displayClassName" time="0.001" classname="com.simplelearn.Selenium.MultipleProgramsInSameClass_byUsingTestNG_Testannotation"/>
  <testcase name="test1" time="0.001" classname="com.simplelearn.Selenium.MultipleProgramsInSameClass_byUsingTestNG_Testannotation"/>
  <testcase name="test2" time="0.001" classname="com.simplelearn.Selenium.MultipleProgramsInSameClass_byUsingTestNG_Testannotation"/>
</testsuite> <!-- Test -->
