<?xml version="1.0" encoding="UTF-8"?>
<!-- Generated by org.testng.reporters.JUnitXMLReporter -->
<testsuite hostname="ip-172-31-70-208" ignored="0" name="Test_Framework" tests="17" failures="1" timestamp="2021-02-07T07:18:30 UTC" time="135.098" errors="0">
  <testcase name="Diff" time="0.007" classname="framework.excel.TestNG_with_ExcelDataProvider"/>
  <testcase name="Diff" time="0.009" classname="framework.excel.TestNG_with_ExcelDataProvider">
    <skipped/>
  </testcase> <!-- Diff -->
  <testcase name="Diff" time="0.001" classname="framework.excel.TestNG_with_ExcelDataProvider">
    <skipped/>
  </testcase> <!-- Diff -->
  <testcase name="Diff" time="0.001" classname="framework.excel.TestNG_with_ExcelDataProvider">
    <skipped/>
  </testcase> <!-- Diff -->
  <testcase name="Diff" time="0.005" classname="framework.excel.TestNG_with_ExcelDataProvider">
    <skipped/>
  </testcase> <!-- Diff -->
  <testcase name="Diff" time="0.001" classname="framework.excel.TestNG_with_ExcelDataProvider">
    <skipped/>
  </testcase> <!-- Diff -->
  <testcase name="Diff" time="0.001" classname="framework.excel.TestNG_with_ExcelDataProvider">
    <skipped/>
  </testcase> <!-- Diff -->
  <testcase name="Diff" time="0.0" classname="framework.excel.TestNG_with_ExcelDataProvider">
    <skipped/>
  </testcase> <!-- Diff -->
  <testcase name="Diff" time="0.001" classname="framework.excel.TestNG_with_ExcelDataProvider">
    <skipped/>
  </testcase> <!-- Diff -->
  <testcase name="Diff" time="0.001" classname="framework.excel.TestNG_with_ExcelDataProvider">
    <skipped/>
  </testcase> <!-- Diff -->
  <testcase name="Diff" time="0.001" classname="framework.excel.TestNG_with_ExcelDataProvider">
    <skipped/>
  </testcase> <!-- Diff -->
  <testcase name="Diff" time="0.001" classname="framework.excel.TestNG_with_ExcelDataProvider">
    <failure type="java.lang.AssertionError" message="expected [-2] but found [-18]">
      <![CDATA[java.lang.AssertionError: expected [-2] but found [-18]
at framework.excel.TestNG_with_ExcelDataProvider.Diff(TestNG_with_ExcelDataProvider.java:184)
at java.util.ArrayList.forEach(ArrayList.java:1259)
... Removed 33 stack frames]]>
    </failure>
  </testcase> <!-- Diff -->
  <testcase name="Registration_data" time="23.149" classname="framework.excel.TestNG_with_ExcelDataProvider"/>
  <testcase name="Registration_data" time="23.103" classname="framework.excel.TestNG_with_ExcelDataProvider"/>
  <testcase name="Registration_data" time="23.091" classname="framework.excel.TestNG_with_ExcelDataProvider"/>
  <testcase name="Registration_data" time="23.09" classname="framework.excel.TestNG_with_ExcelDataProvider"/>
  <testcase name="Registration_data" time="23.083" classname="framework.excel.TestNG_with_ExcelDataProvider"/>
</testsuite> <!-- Test_Framework -->
