<?xml version="1.0" encoding="UTF-8"?>
<!-- Generated by org.testng.reporters.JUnitXMLReporter -->
<testsuite hostname="ip-172-31-70-208" ignored="0" name="Test Listeners Concept" tests="2" failures="1" timestamp="2021-01-24T11:59:21 UTC" time="0.045" errors="0">
  <testcase name="testMeantToFail" time="0.009" classname="com.javatpoint.TestNG.ListenersConcept_Testcases">
    <failure type="java.lang.AssertionError" message="expected [false] but found [true]">
      <![CDATA[java.lang.AssertionError: expected [false] but found [true]
at com.javatpoint.TestNG.ListenersConcept_Testcases.testMeantToFail(ListenersConcept_Testcases.java:16)
at java.util.ArrayList.forEach(ArrayList.java:1259)
... Removed 31 stack frames]]>
    </failure>
  </testcase> <!-- testMeantToFail -->
  <testcase name="testMeantToPass" time="0.001" classname="com.javatpoint.TestNG.ListenersConcept_Testcases"/>
</testsuite> <!-- Test Listeners Concept -->
