<?xml version="1.0" encoding="UTF-8"?>
<!-- Generated by org.testng.reporters.JUnitXMLReporter -->
<testsuite hostname="ip-172-31-70-208" ignored="3" name="test" tests="3" failures="0" timestamp="2021-01-24T09:54:14 UTC" time="0.045" errors="0">
  <testcase name="displayClassName" time="0.007" classname="com.javatpoint.TestNG.loan_types"/>
  <testcase name="API_Login_CarLoan" time="0.001" classname="com.javatpoint.TestNG.loan_types"/>
  <testcase name="Web_Login_CarLoan" time="0.001" classname="com.javatpoint.TestNG.loan_types"/>
  <testcase name="Mobile_Login_CarLoan" time="0.0" classname="com.javatpoint.TestNG.loan_types">
    <ignored/>
  </testcase> <!-- Mobile_Login_CarLoan -->
  <testcase name="Mobile_Login_PersonalLoan" time="0.0" classname="com.javatpoint.TestNG.loan_types">
    <ignored/>
  </testcase> <!-- Mobile_Login_PersonalLoan -->
  <testcase name="Mobile_Login_HomeLoan" time="0.0" classname="com.javatpoint.TestNG.loan_types">
    <ignored/>
  </testcase> <!-- Mobile_Login_HomeLoan -->
</testsuite> <!-- test -->
