<?xml version="1.0" encoding="UTF-8"?>
<!-- Generated by org.testng.reporters.JUnitXMLReporter -->
<testsuite hostname="ip-172-31-70-208" ignored="2" name="Car Loan_Department" tests="1" failures="0" timestamp="2021-01-24T11:49:43 UTC" time="0.003" errors="0">
  <testcase name="displayClassName" time="0.002" classname="com.javatpoint.TestNG.module1"/>
  <testcase name="test1" time="0.0" classname="com.javatpoint.TestNG.module1">
    <ignored/>
  </testcase> <!-- test1 -->
  <testcase name="test2" time="0.0" classname="com.javatpoint.TestNG.module1">
    <ignored/>
  </testcase> <!-- test2 -->
</testsuite> <!-- Car Loan_Department -->
