<?xml version="1.0" encoding="UTF-8"?>
<!-- Generated by org.testng.reporters.JUnitXMLReporter -->
<testsuite hostname="ip-172-31-70-208" ignored="0" name="Default test" tests="9" failures="0" timestamp="2021-01-28T14:24:19 UTC" time="0.101" errors="0">
  <testcase name="calculate" time="0.006" classname="com.toolsqa.DataProviders.ParallelTest3_inside_xml"/>
  <testcase name="calculate" time="0.015" classname="com.toolsqa.DataProviders.ParallelTest3_inside_xml"/>
  <testcase name="calculate" time="0.014" classname="com.toolsqa.DataProviders.ParallelTest3_inside_xml"/>
  <testcase name="calculate" time="0.015" classname="com.toolsqa.DataProviders.ParallelTest3_inside_xml"/>
  <testcase name="calculate" time="0.004" classname="com.toolsqa.DataProviders.ParallelTest3_inside_xml"/>
  <testcase name="calculate" time="0.022" classname="com.toolsqa.DataProviders.ParallelTest3_inside_xml"/>
  <testcase name="calculate" time="0.005" classname="com.toolsqa.DataProviders.ParallelTest3_inside_xml"/>
  <testcase name="calculate" time="0.004" classname="com.toolsqa.DataProviders.ParallelTest3_inside_xml"/>
  <testcase name="calculate" time="0.005" classname="com.toolsqa.DataProviders.ParallelTest3_inside_xml"/>
</testsuite> <!-- Default test -->
